<?xml version="1.0" encoding="UTF-8"?>
<!-- Generated by org.testng.reporters.JUnitReportReporter -->
<testsuite hostname="Daya-Cybernetic-Sylph-Workspace" failures="0" tests="1" name="testCases.TC_002_Login_Test" time="2.125" errors="0" timestamp="2025-04-07T13:33:21 IST" skipped="0">
  <testcase classname="testCases.TC_002_Login_Test" name="verify_login" time="2.125"/>
</testsuite> <!-- testCases.TC_002_Login_Test -->
